<?xml version="1.0" encoding="UTF-8"?>
<!-- Generated by org.testng.reporters.JUnitXMLReporter -->
<testsuite ignored="0" hostname="DESKTOP-I50VSOQ" failures="0" tests="1" name="chome(failed)" time="0.113" errors="0" timestamp="2025-02-25T22:18:02 PST">
  <testcase classname="seleniumPractice.ParallelExecution" name="@BeforeTest browseInitialization" time="-1.740550681906E9">
    <failure type="org.testng.TestNGException" message="
Parameter &amp;apos;browser&amp;apos; is required by BeforeTest on method browseInitialization but has not been marked @Optional or defined
in C:\Users\Sasikumar\eclipse-workspace\DemoProjectRA\test-output\testng-failed.xml">
      <![CDATA[org.testng.TestNGException: 
Parameter 'browser' is required by BeforeTest on method browseInitialization but has not been marked @Optional or defined
in C:\Users\Sasikumar\eclipse-workspace\DemoProjectRA\test-output\testng-failed.xml
at java.base/java.util.concurrent.FutureTask.run(FutureTask.java:264)
at java.base/java.util.concurrent.ThreadPoolExecutor.runWorker(ThreadPoolExecutor.java:1136)
at java.base/java.util.concurrent.ThreadPoolExecutor$Worker.run(ThreadPoolExecutor.java:635)
at java.base/java.lang.Thread.run(Thread.java:833)
... Removed 11 stack frames]]>
    </failure>
  </testcase> <!-- @BeforeTest browseInitialization -->
  <testcase classname="seleniumPractice.ParallelExecution" name="@AfterTest quitBrowser" time="0.0">
    <skipped/>
  </testcase> <!-- @AfterTest quitBrowser -->
  <testcase classname="seleniumPractice.ParallelExecution" name="perform" time="0.0">
    <skipped/>
  </testcase> <!-- perform -->
</testsuite> <!-- chome(failed) -->
